<?xml version="1.0" encoding="UTF-8"?>
<!-- Generated by org.testng.reporters.JUnitXMLReporter -->
<testsuite hostname="ZSRIL-FZ760Z2" ignored="0" tests="6" failures="0" timestamp="2020-05-10T11:30:47 IST" time="0.052" errors="0">
  <testcase name="test1" time="0.013" classname="TestMethods"/>
  <testcase name="test2" time="0.0" classname="TestMethods"/>
  <testcase name="test3" time="0.001" classname="TestMethods"/>
  <testcase name="test4" time="0.002" classname="TestMethods">
    <skipped/>
  </testcase> <!-- test4 -->
  <testcase name="test4" time="0.0" classname="TestMethods"/>
  <testcase name="test5" time="0.0" classname="TestMethods"/>
</testsuite>
